Sat Mar 23 2019 22:18:23 GMT-0400 (EDT): GET /
Sat Mar 23 2019 22:18:24 GMT-0400 (EDT): GET /assets/images/mobclogo.png
Sat Mar 23 2019 22:18:24 GMT-0400 (EDT): GET /assets/images/fb.png
Sat Mar 23 2019 22:18:24 GMT-0400 (EDT): GET /assets/images/twitter.png
Sat Mar 23 2019 22:18:24 GMT-0400 (EDT): GET /assets/images/instagram.png
Sat Mar 23 2019 22:18:24 GMT-0400 (EDT): GET /favicon.ico
Sat Mar 23 2019 22:20:56 GMT-0400 (EDT): GET /
Sat Mar 23 2019 22:20:56 GMT-0400 (EDT): GET /assets/css/reset.css
Sat Mar 23 2019 22:20:56 GMT-0400 (EDT): GET /assets/css/style.css
Sat Mar 23 2019 22:20:56 GMT-0400 (EDT): GET /assets/images/mobclogo.png
Sat Mar 23 2019 22:20:56 GMT-0400 (EDT): GET /assets/images/fb.png
Sat Mar 23 2019 22:20:57 GMT-0400 (EDT): GET /assets/images/twitter.png
Sat Mar 23 2019 22:20:57 GMT-0400 (EDT): GET /assets/images/instagram.png
Sat Mar 23 2019 22:20:57 GMT-0400 (EDT): GET /assets/css/reset.css
Sat Mar 23 2019 22:20:57 GMT-0400 (EDT): GET /assets/css/style.css
Sat Mar 23 2019 22:21:28 GMT-0400 (EDT): GET /assets/css/reset.css
Sat Mar 23 2019 22:21:28 GMT-0400 (EDT): GET /assets/css/style.css
Sat Mar 23 2019 22:26:07 GMT-0400 (EDT): GET /
Sat Mar 23 2019 22:26:08 GMT-0400 (EDT): GET /assets/css/reset.css
Sat Mar 23 2019 22:26:08 GMT-0400 (EDT): GET /assets/css/style.css
Sat Mar 23 2019 22:26:08 GMT-0400 (EDT): GET /assets/images/mobclogo.png
Sat Mar 23 2019 22:26:08 GMT-0400 (EDT): GET /assets/images/fb.png
Sat Mar 23 2019 22:26:08 GMT-0400 (EDT): GET /assets/images/twitter.png
Sat Mar 23 2019 22:26:08 GMT-0400 (EDT): GET /assets/images/instagram.png
Sat Mar 23 2019 22:26:08 GMT-0400 (EDT): GET /assets/css/reset.css
Sat Mar 23 2019 22:26:08 GMT-0400 (EDT): GET /assets/css/style.css
Sat Mar 23 2019 22:26:54 GMT-0400 (EDT): GET /
Sat Mar 23 2019 22:26:55 GMT-0400 (EDT): GET /assets/css/reset.css
Sat Mar 23 2019 22:26:55 GMT-0400 (EDT): GET /assets/css/style.css
Sat Mar 23 2019 22:26:55 GMT-0400 (EDT): GET /assets/images/mobclogo.png
Sat Mar 23 2019 22:26:55 GMT-0400 (EDT): GET /assets/images/fb.png
Sat Mar 23 2019 22:26:55 GMT-0400 (EDT): GET /assets/images/twitter.png
Sat Mar 23 2019 22:26:55 GMT-0400 (EDT): GET /assets/images/instagram.png
Sat Mar 23 2019 22:26:55 GMT-0400 (EDT): GET /assets/css/reset.css
Sat Mar 23 2019 22:26:55 GMT-0400 (EDT): GET /assets/css/style.css
Sat Mar 23 2019 22:42:45 GMT-0400 (EDT): GET /
Sat Mar 23 2019 22:42:46 GMT-0400 (EDT): GET /assets/css/reset.css
Sat Mar 23 2019 22:42:46 GMT-0400 (EDT): GET /assets/css/style.css
Sat Mar 23 2019 22:42:46 GMT-0400 (EDT): GET /assets/images/mobclogo.png
Sat Mar 23 2019 22:42:46 GMT-0400 (EDT): GET /assets/images/fb.png
Sat Mar 23 2019 22:42:46 GMT-0400 (EDT): GET /assets/images/twitter.png
Sat Mar 23 2019 22:42:46 GMT-0400 (EDT): GET /assets/images/instagram.png
Sat Mar 23 2019 22:42:46 GMT-0400 (EDT): GET /assets/css/reset.css
Sat Mar 23 2019 22:42:46 GMT-0400 (EDT): GET /assets/css/style.css
Sat Mar 23 2019 22:43:04 GMT-0400 (EDT): GET /
Sat Mar 23 2019 22:43:04 GMT-0400 (EDT): GET /assets/css/reset.css
Sat Mar 23 2019 22:43:04 GMT-0400 (EDT): GET /assets/css/style.css
Sat Mar 23 2019 22:43:04 GMT-0400 (EDT): GET /assets/images/mobclogo.png
Sat Mar 23 2019 22:43:04 GMT-0400 (EDT): GET /assets/images/fb.png
Sat Mar 23 2019 22:43:05 GMT-0400 (EDT): GET /assets/images/twitter.png
Sat Mar 23 2019 22:43:05 GMT-0400 (EDT): GET /assets/images/instagram.png
Sat Mar 23 2019 22:43:05 GMT-0400 (EDT): GET /assets/css/reset.css
Sat Mar 23 2019 22:43:05 GMT-0400 (EDT): GET /assets/css/style.css
Sat Mar 23 2019 22:44:22 GMT-0400 (EDT): GET /
Sat Mar 23 2019 22:44:22 GMT-0400 (EDT): GET /assets/css/reset.css
Sat Mar 23 2019 22:44:22 GMT-0400 (EDT): GET /assets/css/style.css
Sat Mar 23 2019 22:44:22 GMT-0400 (EDT): GET /assets/images/mobclogo.png
Sat Mar 23 2019 22:44:22 GMT-0400 (EDT): GET /assets/images/fb.png
Sat Mar 23 2019 22:44:22 GMT-0400 (EDT): GET /assets/images/twitter.png
Sat Mar 23 2019 22:44:22 GMT-0400 (EDT): GET /assets/images/instagram.png
Sat Mar 23 2019 22:44:22 GMT-0400 (EDT): GET /assets/css/reset.css
Sat Mar 23 2019 22:44:22 GMT-0400 (EDT): GET /assets/css/style.css
Sat Mar 23 2019 22:45:41 GMT-0400 (EDT): GET /assets/images/mobclogo.png
Sat Mar 23 2019 22:49:20 GMT-0400 (EDT): GET /
Sat Mar 23 2019 22:49:20 GMT-0400 (EDT): GET /assets/css/reset.css
Sat Mar 23 2019 22:49:20 GMT-0400 (EDT): GET /assets/css/style.css
Sat Mar 23 2019 22:49:20 GMT-0400 (EDT): GET /assets/images/fb.png
Sat Mar 23 2019 22:49:20 GMT-0400 (EDT): GET /assets/images/twitter.png
Sat Mar 23 2019 22:49:20 GMT-0400 (EDT): GET /assets/images/instagram.png
Sat Mar 23 2019 22:49:21 GMT-0400 (EDT): GET /assets/css/reset.css
Sat Mar 23 2019 22:49:21 GMT-0400 (EDT): GET /assets/css/style.css
Sat Mar 23 2019 22:49:50 GMT-0400 (EDT): GET /
Sat Mar 23 2019 22:49:51 GMT-0400 (EDT): GET /assets/css/reset.css
Sat Mar 23 2019 22:49:51 GMT-0400 (EDT): GET /assets/css/style.css
Sat Mar 23 2019 22:49:51 GMT-0400 (EDT): GET /assets/images/fb.png
Sat Mar 23 2019 22:49:51 GMT-0400 (EDT): GET /assets/images/twitter.png
Sat Mar 23 2019 22:49:51 GMT-0400 (EDT): GET /assets/images/instagram.png
Sat Mar 23 2019 22:49:51 GMT-0400 (EDT): GET /assets/css/reset.css
Sat Mar 23 2019 22:49:51 GMT-0400 (EDT): GET /assets/css/style.css
Sat Mar 23 2019 22:50:46 GMT-0400 (EDT): GET /
Sat Mar 23 2019 22:50:46 GMT-0400 (EDT): GET /assets/css/reset.css
Sat Mar 23 2019 22:50:46 GMT-0400 (EDT): GET /assets/css/style.css
Sat Mar 23 2019 22:50:46 GMT-0400 (EDT): GET /assets/images/fb.png
Sat Mar 23 2019 22:50:46 GMT-0400 (EDT): GET /assets/images/twitter.png
Sat Mar 23 2019 22:50:46 GMT-0400 (EDT): GET /assets/images/instagram.png
Sat Mar 23 2019 22:50:46 GMT-0400 (EDT): GET /assets/css/reset.css
Sat Mar 23 2019 22:50:46 GMT-0400 (EDT): GET /assets/css/style.css
Sat Mar 23 2019 22:51:51 GMT-0400 (EDT): GET /
Sat Mar 23 2019 22:51:51 GMT-0400 (EDT): GET /assets/css/reset.css
Sat Mar 23 2019 22:51:51 GMT-0400 (EDT): GET /assets/css/style.css
Sat Mar 23 2019 22:51:51 GMT-0400 (EDT): GET /assets/images/fb.png
Sat Mar 23 2019 22:51:51 GMT-0400 (EDT): GET /assets/images/twitter.png
Sat Mar 23 2019 22:51:51 GMT-0400 (EDT): GET /assets/images/instagram.png
Sat Mar 23 2019 22:51:51 GMT-0400 (EDT): GET /assets/css/reset.css
Sat Mar 23 2019 22:51:51 GMT-0400 (EDT): GET /assets/css/style.css
Sat Mar 23 2019 22:52:17 GMT-0400 (EDT): GET /
Sat Mar 23 2019 22:52:17 GMT-0400 (EDT): GET /assets/css/reset.css
Sat Mar 23 2019 22:52:17 GMT-0400 (EDT): GET /assets/css/style.css
Sat Mar 23 2019 22:52:18 GMT-0400 (EDT): GET /assets/css/reset.css
Sat Mar 23 2019 22:52:18 GMT-0400 (EDT): GET /assets/css/style.css
Sat Mar 23 2019 22:53:41 GMT-0400 (EDT): GET /
Sat Mar 23 2019 22:56:08 GMT-0400 (EDT): GET /
Sat Mar 23 2019 22:56:08 GMT-0400 (EDT): GET /assets/css/reset.css
Sat Mar 23 2019 22:56:09 GMT-0400 (EDT): GET /assets/css/reset.css
Sat Mar 23 2019 22:58:23 GMT-0400 (EDT): GET /
Sat Mar 23 2019 22:58:23 GMT-0400 (EDT): GET /assets/css/reset.css
Sat Mar 23 2019 22:58:23 GMT-0400 (EDT): GET /assets/css/reset.css
Sat Mar 23 2019 23:03:23 GMT-0400 (EDT): GET /
Sat Mar 23 2019 23:03:23 GMT-0400 (EDT): GET /assets/css/reset.css
Sat Mar 23 2019 23:03:23 GMT-0400 (EDT): GET /assets/css/reset.css
Sat Mar 23 2019 23:04:32 GMT-0400 (EDT): GET /
Sat Mar 23 2019 23:04:32 GMT-0400 (EDT): GET /assets/css/reset.css
Sat Mar 23 2019 23:04:32 GMT-0400 (EDT): GET /assets/css/reset.css
Sat Mar 23 2019 23:06:06 GMT-0400 (EDT): GET /
Sat Mar 23 2019 23:06:12 GMT-0400 (EDT): GET /
Sat Mar 23 2019 23:07:59 GMT-0400 (EDT): GET /
Sat Mar 23 2019 23:10:24 GMT-0400 (EDT): GET /
Sat Mar 23 2019 23:10:26 GMT-0400 (EDT): GET /assets/images/mobclogo.png
Sat Mar 23 2019 23:14:24 GMT-0400 (EDT): GET /
Sat Mar 23 2019 23:16:02 GMT-0400 (EDT): GET /
Sat Mar 23 2019 23:16:02 GMT-0400 (EDT): GET /assets/images/mobclogo.png
Sat Mar 23 2019 23:17:28 GMT-0400 (EDT): GET /
Sat Mar 23 2019 23:17:28 GMT-0400 (EDT): GET /assets/images/mobclogo.png
Sat Mar 23 2019 23:18:03 GMT-0400 (EDT): GET /
Sat Mar 23 2019 23:18:03 GMT-0400 (EDT): GET /assets/images/mobclogo.png
Sat Mar 23 2019 23:19:40 GMT-0400 (EDT): GET /
Sat Mar 23 2019 23:19:40 GMT-0400 (EDT): GET /assets/images/mobclogo.png
Sat Mar 23 2019 23:21:22 GMT-0400 (EDT): GET /
Sat Mar 23 2019 23:22:34 GMT-0400 (EDT): GET /assts
Sat Mar 23 2019 23:22:42 GMT-0400 (EDT): GET /
Sat Mar 23 2019 23:22:50 GMT-0400 (EDT): GET /assets
Sat Mar 23 2019 23:23:03 GMT-0400 (EDT): GET /assets/images
Sat Mar 23 2019 23:24:12 GMT-0400 (EDT): GET /assets/images
Sat Mar 23 2019 23:24:19 GMT-0400 (EDT): GET /assets/images
Sat Mar 23 2019 23:24:31 GMT-0400 (EDT): GET /assets
Sat Mar 23 2019 23:24:32 GMT-0400 (EDT): GET /
Sat Mar 23 2019 23:24:46 GMT-0400 (EDT): GET /
Sat Mar 23 2019 23:26:33 GMT-0400 (EDT): GET /
Sat Mar 23 2019 23:26:33 GMT-0400 (EDT): GET /assets/images/mobclogo.png
Sat Mar 23 2019 23:26:41 GMT-0400 (EDT): GET /
Sat Mar 23 2019 23:26:41 GMT-0400 (EDT): GET /assets/images/mobclogo.png
Sat Mar 23 2019 23:27:54 GMT-0400 (EDT): GET /
Sat Mar 23 2019 23:27:54 GMT-0400 (EDT): GET /assets/images/mobclogo.png
Sat Mar 23 2019 23:33:56 GMT-0400 (EDT): GET /
Sat Mar 23 2019 23:33:56 GMT-0400 (EDT): GET /assets/images/mobclogo.png
Sat Mar 23 2019 23:35:00 GMT-0400 (EDT): GET /
Sat Mar 23 2019 23:35:00 GMT-0400 (EDT): GET /assets/images/mobclogo.png
Sat Mar 23 2019 23:40:17 GMT-0400 (EDT): GET /
Sat Mar 23 2019 23:40:18 GMT-0400 (EDT): GET /assets/images/mobclogo.png
Sat Mar 23 2019 23:40:18 GMT-0400 (EDT): GET /assets/images/fb.png
Sat Mar 23 2019 23:40:18 GMT-0400 (EDT): GET /assets/images/twitter.png
Sat Mar 23 2019 23:40:18 GMT-0400 (EDT): GET /assets/images/instagram.png
Sat Mar 23 2019 23:41:55 GMT-0400 (EDT): GET /assets
Sat Mar 23 2019 23:46:27 GMT-0400 (EDT): GET /assets
Sat Mar 23 2019 23:46:53 GMT-0400 (EDT): GET /
Sat Mar 23 2019 23:46:54 GMT-0400 (EDT): GET /assets/images/mobclogo.png
Sat Mar 23 2019 23:46:54 GMT-0400 (EDT): GET /assets/images/fb.png
Sat Mar 23 2019 23:46:54 GMT-0400 (EDT): GET /assets/images/twitter.png
Sat Mar 23 2019 23:46:54 GMT-0400 (EDT): GET /assets/images/instagram.png
Sat Mar 23 2019 23:47:25 GMT-0400 (EDT): GET /
Sat Mar 23 2019 23:47:25 GMT-0400 (EDT): GET /assets/images/mobclogo.png
Sat Mar 23 2019 23:47:25 GMT-0400 (EDT): GET /assets/images/fb.png
Sat Mar 23 2019 23:47:25 GMT-0400 (EDT): GET /assets/images/twitter.png
Sat Mar 23 2019 23:47:25 GMT-0400 (EDT): GET /assets/images/instagram.png
Sat Mar 23 2019 23:47:56 GMT-0400 (EDT): GET /
Sat Mar 23 2019 23:47:56 GMT-0400 (EDT): GET /assets/images/mobclogo.png
Sat Mar 23 2019 23:47:56 GMT-0400 (EDT): GET /assets/images/fb.png
Sat Mar 23 2019 23:47:57 GMT-0400 (EDT): GET /assets/images/twitter.png
Sat Mar 23 2019 23:47:57 GMT-0400 (EDT): GET /assets/images/instagram.png
Sun Mar 24 2019 00:27:25 GMT-0400 (EDT): GET /
Sun Mar 24 2019 00:27:26 GMT-0400 (EDT): GET /assets/images/mobclogo.png
Sun Mar 24 2019 00:27:26 GMT-0400 (EDT): GET /assets/images/fb.png
Sun Mar 24 2019 00:27:26 GMT-0400 (EDT): GET /assets/images/twitter.png
Sun Mar 24 2019 00:27:26 GMT-0400 (EDT): GET /assets/images/instagram.png
Sun Mar 24 2019 00:30:21 GMT-0400 (EDT): GET /
Sun Mar 24 2019 00:30:21 GMT-0400 (EDT): GET /assets/images/mobclogo.png
Sun Mar 24 2019 00:30:21 GMT-0400 (EDT): GET /assets/images/fb.png
Sun Mar 24 2019 00:30:22 GMT-0400 (EDT): GET /assets/images/twitter.png
Sun Mar 24 2019 00:30:22 GMT-0400 (EDT): GET /assets/images/instagram.png
Sun Mar 24 2019 00:36:30 GMT-0400 (EDT): GET /
Sun Mar 24 2019 00:36:31 GMT-0400 (EDT): GET /assets/images/mobclogo.png
Sun Mar 24 2019 00:36:31 GMT-0400 (EDT): GET /assets/images/fb.png
Sun Mar 24 2019 00:36:31 GMT-0400 (EDT): GET /assets/images/twitter.png
Sun Mar 24 2019 00:36:31 GMT-0400 (EDT): GET /assets/images/instagram.png
Sun Mar 24 2019 00:38:42 GMT-0400 (EDT): GET /
Sun Mar 24 2019 00:38:42 GMT-0400 (EDT): GET /assets/images/mobclogo.png
Sun Mar 24 2019 00:38:42 GMT-0400 (EDT): GET /assets/images/fb.png
Sun Mar 24 2019 00:38:42 GMT-0400 (EDT): GET /assets/images/twitter.png
Sun Mar 24 2019 00:38:42 GMT-0400 (EDT): GET /assets/images/instagram.png
Sun Mar 24 2019 00:39:06 GMT-0400 (EDT): GET /
Sun Mar 24 2019 00:39:07 GMT-0400 (EDT): GET /assets/images/mobclogo.png
Sun Mar 24 2019 00:39:07 GMT-0400 (EDT): GET /assets/images/fb.png
Sun Mar 24 2019 00:39:07 GMT-0400 (EDT): GET /assets/images/twitter.png
Sun Mar 24 2019 00:39:07 GMT-0400 (EDT): GET /assets/images/instagram.png
Sun Mar 24 2019 00:45:00 GMT-0400 (EDT): GET /
Sun Mar 24 2019 00:45:00 GMT-0400 (EDT): GET /assets/images/mobclogo.png
Sun Mar 24 2019 00:45:00 GMT-0400 (EDT): GET /assets/images/fb.png
Sun Mar 24 2019 00:45:01 GMT-0400 (EDT): GET /assets/images/twitter.png
Sun Mar 24 2019 00:45:01 GMT-0400 (EDT): GET /assets/images/instagram.png
Sun Mar 24 2019 00:45:42 GMT-0400 (EDT): GET /
Sun Mar 24 2019 00:45:43 GMT-0400 (EDT): GET /assets/images/mobclogo.png
Sun Mar 24 2019 00:45:43 GMT-0400 (EDT): GET /assets/images/fb.png
Sun Mar 24 2019 00:45:43 GMT-0400 (EDT): GET /assets/images/twitter.png
Sun Mar 24 2019 00:45:43 GMT-0400 (EDT): GET /assets/images/instagram.png
Sun Mar 24 2019 00:48:06 GMT-0400 (EDT): GET /
Sun Mar 24 2019 00:48:06 GMT-0400 (EDT): GET /assets/images/mobclogo.png
Sun Mar 24 2019 00:48:06 GMT-0400 (EDT): GET /assets/images/fb.png
Sun Mar 24 2019 00:48:06 GMT-0400 (EDT): GET /assets/images/twitter.png
Sun Mar 24 2019 00:48:06 GMT-0400 (EDT): GET /assets/images/instagram.png
Sun Mar 24 2019 00:48:12 GMT-0400 (EDT): GET /assets
Sun Mar 24 2019 00:48:12 GMT-0400 (EDT): GET /assets/
Sun Mar 24 2019 00:48:15 GMT-0400 (EDT): GET /
Sun Mar 24 2019 00:48:15 GMT-0400 (EDT): GET /assets/images/mobclogo.png
Sun Mar 24 2019 00:48:15 GMT-0400 (EDT): GET /assets/images/fb.png
Sun Mar 24 2019 00:48:15 GMT-0400 (EDT): GET /assets/images/twitter.png
Sun Mar 24 2019 00:48:15 GMT-0400 (EDT): GET /assets/images/instagram.png
Sun Mar 24 2019 00:48:30 GMT-0400 (EDT): GET /
Sun Mar 24 2019 00:48:31 GMT-0400 (EDT): GET /assets/images/mobclogo.png
Sun Mar 24 2019 00:48:31 GMT-0400 (EDT): GET /assets/images/fb.png
Sun Mar 24 2019 00:48:31 GMT-0400 (EDT): GET /assets/images/twitter.png
Sun Mar 24 2019 00:48:31 GMT-0400 (EDT): GET /assets/images/instagram.png
Sun Mar 24 2019 00:49:29 GMT-0400 (EDT): GET /
Sun Mar 24 2019 00:49:29 GMT-0400 (EDT): GET /assets/mobclogo.png
Sun Mar 24 2019 00:49:29 GMT-0400 (EDT): GET /assets/images/fb.png
Sun Mar 24 2019 00:49:30 GMT-0400 (EDT): GET /assets/images/twitter.png
Sun Mar 24 2019 00:49:30 GMT-0400 (EDT): GET /assets/images/instagram.png
Sun Mar 24 2019 00:49:57 GMT-0400 (EDT): GET /assets/mobclogo.png
Sun Mar 24 2019 00:52:42 GMT-0400 (EDT): GET /
Sun Mar 24 2019 00:52:42 GMT-0400 (EDT): GET /assets/images/mobclogo.png
Sun Mar 24 2019 00:52:42 GMT-0400 (EDT): GET /assets/images/fb.png
Sun Mar 24 2019 00:52:43 GMT-0400 (EDT): GET /assets/images/twitter.png
Sun Mar 24 2019 00:52:43 GMT-0400 (EDT): GET /assets/images/instagram.png
Sun Mar 24 2019 00:53:03 GMT-0400 (EDT): GET /public
Sun Mar 24 2019 00:53:19 GMT-0400 (EDT): GET /about
Sun Mar 24 2019 00:53:19 GMT-0400 (EDT): GET /assets/images/mobclogo.png
Sun Mar 24 2019 00:53:19 GMT-0400 (EDT): GET /assets/images/fb.png
Sun Mar 24 2019 00:53:19 GMT-0400 (EDT): GET /assets/images/twitter.png
Sun Mar 24 2019 00:53:19 GMT-0400 (EDT): GET /assets/images/instagram.png
Sun Mar 24 2019 00:55:53 GMT-0400 (EDT): GET /test.html
Sun Mar 24 2019 00:56:05 GMT-0400 (EDT): GET /public
Sun Mar 24 2019 00:56:12 GMT-0400 (EDT): GET /public/test
Sun Mar 24 2019 00:56:27 GMT-0400 (EDT): GET /public/test.html
Sun Mar 24 2019 00:58:20 GMT-0400 (EDT): GET /public/test.html
Sun Mar 24 2019 00:58:43 GMT-0400 (EDT): GET /test
Sun Mar 24 2019 00:58:50 GMT-0400 (EDT): GET /test.html
Sun Mar 24 2019 01:00:31 GMT-0400 (EDT): GET /test.html
Sun Mar 24 2019 01:00:48 GMT-0400 (EDT): GET /
Sun Mar 24 2019 01:00:48 GMT-0400 (EDT): GET /assets/images/mobclogo.png
Sun Mar 24 2019 01:00:48 GMT-0400 (EDT): GET /assets/images/fb.png
Sun Mar 24 2019 01:00:48 GMT-0400 (EDT): GET /assets/images/twitter.png
Sun Mar 24 2019 01:00:48 GMT-0400 (EDT): GET /assets/images/instagram.png
Sun Mar 24 2019 01:15:06 GMT-0400 (EDT): GET /
Sun Mar 24 2019 01:15:07 GMT-0400 (EDT): GET /assets/images/mobclogo.png
Sun Mar 24 2019 01:15:07 GMT-0400 (EDT): GET /assets/images/fb.png
Sun Mar 24 2019 01:15:07 GMT-0400 (EDT): GET /assets/images/twitter.png
Sun Mar 24 2019 01:15:07 GMT-0400 (EDT): GET /assets/images/instagram.png
Sun Mar 24 2019 01:15:26 GMT-0400 (EDT): GET /
Sun Mar 24 2019 01:15:27 GMT-0400 (EDT): GET /assets/images/mobclogo.png
Sun Mar 24 2019 01:15:27 GMT-0400 (EDT): GET /assets/images/fb.png
Sun Mar 24 2019 01:15:27 GMT-0400 (EDT): GET /assets/images/twitter.png
Sun Mar 24 2019 01:15:27 GMT-0400 (EDT): GET /assets/images/instagram.png
Sun Mar 24 2019 01:17:05 GMT-0400 (EDT): GET /
Sun Mar 24 2019 01:17:05 GMT-0400 (EDT): GET /assets/images/mobclogo.png
Sun Mar 24 2019 01:17:05 GMT-0400 (EDT): GET /assets/images/fb.png
Sun Mar 24 2019 01:17:06 GMT-0400 (EDT): GET /assets/images/twitter.png
Sun Mar 24 2019 01:17:06 GMT-0400 (EDT): GET /assets/images/instagram.png
Sun Mar 24 2019 01:19:33 GMT-0400 (EDT): GET /
Sun Mar 24 2019 01:19:34 GMT-0400 (EDT): GET /assets/images/mobclogo.png
Sun Mar 24 2019 01:19:34 GMT-0400 (EDT): GET /assets/images/fb.png
Sun Mar 24 2019 01:19:34 GMT-0400 (EDT): GET /assets/images/twitter.png
Sun Mar 24 2019 01:19:34 GMT-0400 (EDT): GET /assets/images/instagram.png
Sun Mar 24 2019 01:19:45 GMT-0400 (EDT): GET /
Sun Mar 24 2019 01:19:45 GMT-0400 (EDT): GET /assets/images/mobclogo.png
Sun Mar 24 2019 01:19:45 GMT-0400 (EDT): GET /assets/images/fb.png
Sun Mar 24 2019 01:19:45 GMT-0400 (EDT): GET /assets/images/twitter.png
Sun Mar 24 2019 01:19:45 GMT-0400 (EDT): GET /assets/images/instagram.png
Sun Mar 24 2019 01:21:11 GMT-0400 (EDT): GET /
Sun Mar 24 2019 01:21:11 GMT-0400 (EDT): GET /assets/images/mobclogo.png
Sun Mar 24 2019 01:21:11 GMT-0400 (EDT): GET /assets/images/fb.png
Sun Mar 24 2019 01:21:11 GMT-0400 (EDT): GET /assets/images/twitter.png
Sun Mar 24 2019 01:21:11 GMT-0400 (EDT): GET /assets/images/instagram.png
Sun Mar 24 2019 01:23:11 GMT-0400 (EDT): GET /
Sun Mar 24 2019 01:23:11 GMT-0400 (EDT): GET /assets/images/mobclogo.png
Sun Mar 24 2019 01:23:11 GMT-0400 (EDT): GET /assets/images/fb.png
Sun Mar 24 2019 01:23:11 GMT-0400 (EDT): GET /assets/images/twitter.png
Sun Mar 24 2019 01:23:11 GMT-0400 (EDT): GET /assets/images/instagram.png
Sun Mar 24 2019 01:23:21 GMT-0400 (EDT): GET /
Sun Mar 24 2019 01:23:21 GMT-0400 (EDT): GET /assets/images/mobclogo.png
Sun Mar 24 2019 01:23:21 GMT-0400 (EDT): GET /assets/images/fb.png
Sun Mar 24 2019 01:23:21 GMT-0400 (EDT): GET /assets/images/twitter.png
Sun Mar 24 2019 01:23:21 GMT-0400 (EDT): GET /assets/images/instagram.png
Sun Mar 24 2019 01:24:23 GMT-0400 (EDT): GET /
Sun Mar 24 2019 01:24:23 GMT-0400 (EDT): GET /assets/images/mobclogo.png
Sun Mar 24 2019 01:24:23 GMT-0400 (EDT): GET /assets/images/fb.png
Sun Mar 24 2019 01:24:23 GMT-0400 (EDT): GET /assets/images/twitter.png
Sun Mar 24 2019 01:24:23 GMT-0400 (EDT): GET /assets/images/instagram.png
Sun Mar 24 2019 01:24:51 GMT-0400 (EDT): GET /assets
Sun Mar 24 2019 01:25:05 GMT-0400 (EDT): GET /images
Sun Mar 24 2019 01:25:05 GMT-0400 (EDT): GET /images/
Sun Mar 24 2019 01:35:30 GMT-0400 (EDT): GET /
Sun Mar 24 2019 01:35:30 GMT-0400 (EDT): GET /assets/images/mobclogo.png
Sun Mar 24 2019 01:35:30 GMT-0400 (EDT): GET /assets/images/fb.png
Sun Mar 24 2019 01:35:30 GMT-0400 (EDT): GET /assets/images/twitter.png
Sun Mar 24 2019 01:35:30 GMT-0400 (EDT): GET /assets/images/instagram.png
Sun Mar 24 2019 01:36:30 GMT-0400 (EDT): GET /
Sun Mar 24 2019 01:36:31 GMT-0400 (EDT): GET /assets/images/mobclogo.png
Sun Mar 24 2019 01:36:31 GMT-0400 (EDT): GET /assets/images/fb.png
Sun Mar 24 2019 01:36:31 GMT-0400 (EDT): GET /assets/images/twitter.png
Sun Mar 24 2019 01:36:31 GMT-0400 (EDT): GET /assets/images/instagram.png
Sun Mar 24 2019 01:37:32 GMT-0400 (EDT): GET /
Sun Mar 24 2019 01:37:33 GMT-0400 (EDT): GET /assets/images/mobclogo.png
Sun Mar 24 2019 01:37:33 GMT-0400 (EDT): GET /assets/images/fb.png
Sun Mar 24 2019 01:37:33 GMT-0400 (EDT): GET /assets/images/twitter.png
Sun Mar 24 2019 01:37:33 GMT-0400 (EDT): GET /assets/images/instagram.png
Sun Mar 24 2019 01:44:32 GMT-0400 (EDT): GET /
Sun Mar 24 2019 01:44:32 GMT-0400 (EDT): GET /assets/images/mobclogo.png
Sun Mar 24 2019 01:44:32 GMT-0400 (EDT): GET /assets/images/fb.png
Sun Mar 24 2019 01:44:32 GMT-0400 (EDT): GET /assets/images/twitter.png
Sun Mar 24 2019 01:44:32 GMT-0400 (EDT): GET /assets/images/instagram.png
Sun Mar 24 2019 01:51:57 GMT-0400 (EDT): GET /
Sun Mar 24 2019 01:51:58 GMT-0400 (EDT): GET /assets/images/mobclogo.png
Sun Mar 24 2019 01:51:58 GMT-0400 (EDT): GET /assets/images/fb.png
Sun Mar 24 2019 01:51:58 GMT-0400 (EDT): GET /assets/images/twitter.png
Sun Mar 24 2019 01:51:58 GMT-0400 (EDT): GET /assets/images/instagram.png
Sun Mar 24 2019 01:53:48 GMT-0400 (EDT): GET /
Sun Mar 24 2019 01:53:48 GMT-0400 (EDT): GET /assets/images/mobclogo.png
Sun Mar 24 2019 01:53:48 GMT-0400 (EDT): GET /assets/images/fb.png
Sun Mar 24 2019 01:53:48 GMT-0400 (EDT): GET /assets/images/twitter.png
Sun Mar 24 2019 01:53:48 GMT-0400 (EDT): GET /assets/images/instagram.png
Sun Mar 24 2019 01:54:32 GMT-0400 (EDT): GET /
Sun Mar 24 2019 01:54:32 GMT-0400 (EDT): GET /assets/images/mobclogo.png
Sun Mar 24 2019 01:54:32 GMT-0400 (EDT): GET /assets/images/fb.png
Sun Mar 24 2019 01:54:32 GMT-0400 (EDT): GET /assets/images/twitter.png
Sun Mar 24 2019 01:54:32 GMT-0400 (EDT): GET /assets/images/instagram.png
Sun Mar 24 2019 01:55:32 GMT-0400 (EDT): GET /
Sun Mar 24 2019 01:55:32 GMT-0400 (EDT): GET /assets/images/mobclogo.png
Sun Mar 24 2019 01:55:32 GMT-0400 (EDT): GET /assets/images/fb.png
Sun Mar 24 2019 01:55:32 GMT-0400 (EDT): GET /assets/images/twitter.png
Sun Mar 24 2019 01:55:32 GMT-0400 (EDT): GET /assets/images/instagram.png
Sun Mar 24 2019 01:55:52 GMT-0400 (EDT): GET /
Sun Mar 24 2019 01:55:52 GMT-0400 (EDT): GET /assets/images/mobclogo.png
Sun Mar 24 2019 01:55:52 GMT-0400 (EDT): GET /assets/images/fb.png
Sun Mar 24 2019 01:55:52 GMT-0400 (EDT): GET /assets/images/twitter.png
Sun Mar 24 2019 01:55:52 GMT-0400 (EDT): GET /assets/images/instagram.png
Sun Mar 24 2019 01:56:40 GMT-0400 (EDT): GET /
Sun Mar 24 2019 01:56:44 GMT-0400 (EDT): GET /assets/images/mobclogo.png
Sun Mar 24 2019 01:56:45 GMT-0400 (EDT): GET /assets/images/fb.png
Sun Mar 24 2019 01:56:45 GMT-0400 (EDT): GET /assets/images/twitter.png
Sun Mar 24 2019 01:56:45 GMT-0400 (EDT): GET /assets/images/instagram.png
Sun Mar 24 2019 01:56:53 GMT-0400 (EDT): GET /assets/images/mobclogo.png
Sun Mar 24 2019 01:56:53 GMT-0400 (EDT): GET /assets/images/fb.png
Sun Mar 24 2019 01:56:53 GMT-0400 (EDT): GET /assets/images/twitter.png
Sun Mar 24 2019 01:56:53 GMT-0400 (EDT): GET /assets/images/instagram.png
Sun Mar 24 2019 01:56:53 GMT-0400 (EDT): GET /favicon.ico
Sun Mar 24 2019 02:00:14 GMT-0400 (EDT): GET /
Sun Mar 24 2019 02:00:14 GMT-0400 (EDT): GET /assets/images/mobclogo.png
Sun Mar 24 2019 02:00:14 GMT-0400 (EDT): GET /assets/images/fb.png
Sun Mar 24 2019 02:00:14 GMT-0400 (EDT): GET /assets/images/twitter.png
Sun Mar 24 2019 02:00:14 GMT-0400 (EDT): GET /assets/images/instagram.png
Sun Mar 24 2019 02:00:15 GMT-0400 (EDT): GET /favicon.ico
Sun Mar 24 2019 02:04:24 GMT-0400 (EDT): GET /
Sun Mar 24 2019 02:04:25 GMT-0400 (EDT): GET /assets/images/mobclogo.png
Sun Mar 24 2019 02:04:25 GMT-0400 (EDT): GET /assets/images/fb.png
Sun Mar 24 2019 02:04:26 GMT-0400 (EDT): GET /assets/images/twitter.png
Sun Mar 24 2019 02:04:26 GMT-0400 (EDT): GET /assets/images/instagram.png
Sun Mar 24 2019 02:06:53 GMT-0400 (EDT): GET /
Sun Mar 24 2019 02:06:54 GMT-0400 (EDT): GET /assets/images/mobclogo.png
Sun Mar 24 2019 02:06:54 GMT-0400 (EDT): GET /assets/images/fb.png
Sun Mar 24 2019 02:06:54 GMT-0400 (EDT): GET /assets/images/twitter.png
Sun Mar 24 2019 02:06:55 GMT-0400 (EDT): GET /assets/images/instagram.png
Sun Mar 24 2019 02:07:46 GMT-0400 (EDT): GET /
Sun Mar 24 2019 02:07:47 GMT-0400 (EDT): GET /assets/images/mobclogo.png
Sun Mar 24 2019 02:07:47 GMT-0400 (EDT): GET /assets/images/fb.png
Sun Mar 24 2019 02:07:47 GMT-0400 (EDT): GET /assets/images/twitter.png
Sun Mar 24 2019 02:07:47 GMT-0400 (EDT): GET /assets/images/instagram.png
Sun Mar 24 2019 02:10:58 GMT-0400 (EDT): GET /
Sun Mar 24 2019 02:10:58 GMT-0400 (EDT): GET /assets/images/mobclogo.png
Sun Mar 24 2019 02:10:58 GMT-0400 (EDT): GET /assets/images/fb.png
Sun Mar 24 2019 02:10:59 GMT-0400 (EDT): GET /assets/images/twitter.png
Sun Mar 24 2019 02:10:59 GMT-0400 (EDT): GET /assets/images/instagram.png
Sun Mar 24 2019 02:41:18 GMT-0400 (EDT): GET /
Sun Mar 24 2019 02:41:19 GMT-0400 (EDT): GET /assets/images/mobclogo.png
Sun Mar 24 2019 02:41:19 GMT-0400 (EDT): GET /assets/images/fb.png
Sun Mar 24 2019 02:41:19 GMT-0400 (EDT): GET /assets/images/twitter.png
Sun Mar 24 2019 02:41:19 GMT-0400 (EDT): GET /assets/images/instagram.png
Sun Mar 24 2019 02:45:39 GMT-0400 (EDT): GET /
Sun Mar 24 2019 02:45:39 GMT-0400 (EDT): GET /assets/css/reset.css
Sun Mar 24 2019 02:45:39 GMT-0400 (EDT): GET /assets/css/style.css
Sun Mar 24 2019 02:45:39 GMT-0400 (EDT): GET /assets/images/mobclogo.png
Sun Mar 24 2019 02:45:39 GMT-0400 (EDT): GET /assets/images/fb.png
Sun Mar 24 2019 02:45:40 GMT-0400 (EDT): GET /assets/images/twitter.png
Sun Mar 24 2019 02:45:40 GMT-0400 (EDT): GET /assets/images/instagram.png
Sun Mar 24 2019 02:45:40 GMT-0400 (EDT): GET /assets/css/reset.css
Sun Mar 24 2019 02:45:40 GMT-0400 (EDT): GET /assets/css/style.css
Sun Mar 24 2019 02:46:32 GMT-0400 (EDT): GET /assets/css/style.css
Sun Mar 24 2019 02:48:37 GMT-0400 (EDT): GET /
Sun Mar 24 2019 02:48:37 GMT-0400 (EDT): GET /assets/css/reset.css
Sun Mar 24 2019 02:48:37 GMT-0400 (EDT): GET /assets/css/style.css
Sun Mar 24 2019 02:48:37 GMT-0400 (EDT): GET /assets/images/mobclogo.png
Sun Mar 24 2019 02:48:37 GMT-0400 (EDT): GET /assets/images/fb.png
Sun Mar 24 2019 02:48:37 GMT-0400 (EDT): GET /assets/images/twitter.png
Sun Mar 24 2019 02:48:37 GMT-0400 (EDT): GET /assets/images/instagram.png
Sun Mar 24 2019 02:48:37 GMT-0400 (EDT): GET /assets/css/reset.css
Sun Mar 24 2019 02:48:37 GMT-0400 (EDT): GET /assets/css/style.css
Sun Mar 24 2019 02:55:34 GMT-0400 (EDT): GET /
Sun Mar 24 2019 02:55:34 GMT-0400 (EDT): GET /assets/css/reset.css
Sun Mar 24 2019 02:55:34 GMT-0400 (EDT): GET /assets/css/style.css
Sun Mar 24 2019 02:55:34 GMT-0400 (EDT): GET /assets/images/mobclogo.png
Sun Mar 24 2019 02:55:34 GMT-0400 (EDT): GET /assets/images/fb.png
Sun Mar 24 2019 02:55:34 GMT-0400 (EDT): GET /assets/images/twitter.png
Sun Mar 24 2019 02:55:34 GMT-0400 (EDT): GET /assets/images/instagram.png
Sun Mar 24 2019 02:55:35 GMT-0400 (EDT): GET /assets/css/reset.css
Sun Mar 24 2019 02:55:35 GMT-0400 (EDT): GET /assets/css/style.css
Sun Mar 24 2019 02:55:44 GMT-0400 (EDT): GET /
Sun Mar 24 2019 02:55:44 GMT-0400 (EDT): GET /assets/css/reset.css
Sun Mar 24 2019 02:55:44 GMT-0400 (EDT): GET /assets/css/style.css
Sun Mar 24 2019 02:55:44 GMT-0400 (EDT): GET /assets/images/mobclogo.png
Sun Mar 24 2019 02:55:44 GMT-0400 (EDT): GET /assets/images/fb.png
Sun Mar 24 2019 02:55:44 GMT-0400 (EDT): GET /assets/images/twitter.png
Sun Mar 24 2019 02:55:44 GMT-0400 (EDT): GET /assets/images/instagram.png
Sun Mar 24 2019 02:55:44 GMT-0400 (EDT): GET /assets/css/reset.css
Sun Mar 24 2019 02:55:44 GMT-0400 (EDT): GET /assets/css/style.css
Sun Mar 24 2019 02:56:18 GMT-0400 (EDT): GET /
Sun Mar 24 2019 02:58:03 GMT-0400 (EDT): GET /assets
Sun Mar 24 2019 02:58:22 GMT-0400 (EDT): GET /assets
Sun Mar 24 2019 02:58:59 GMT-0400 (EDT): GET /
Sun Mar 24 2019 02:58:59 GMT-0400 (EDT): GET /assets/css/reset.css
Sun Mar 24 2019 02:58:59 GMT-0400 (EDT): GET /assets/images/mobclogo.png
Sun Mar 24 2019 02:58:59 GMT-0400 (EDT): GET /assets/css/style.css
Sun Mar 24 2019 02:58:59 GMT-0400 (EDT): GET /assets/images/fb.png
Sun Mar 24 2019 02:58:59 GMT-0400 (EDT): GET /assets/images/twitter.png
Sun Mar 24 2019 02:58:59 GMT-0400 (EDT): GET /assets/images/instagram.png
Sun Mar 24 2019 02:59:00 GMT-0400 (EDT): GET /assets/css/style.css
Sun Mar 24 2019 02:59:00 GMT-0400 (EDT): GET /assets/css/reset.css
Sun Mar 24 2019 02:59:19 GMT-0400 (EDT): GET /assets/css/reset.css
Sun Mar 24 2019 02:59:19 GMT-0400 (EDT): GET /assets/css/style.css
Sun Mar 24 2019 03:02:38 GMT-0400 (EDT): GET /
Sun Mar 24 2019 03:02:39 GMT-0400 (EDT): GET /assets/css/reset.css
Sun Mar 24 2019 03:02:39 GMT-0400 (EDT): GET /assets/images/mobclogo.png
Sun Mar 24 2019 03:02:39 GMT-0400 (EDT): GET /assets/css/style.css
Sun Mar 24 2019 03:02:39 GMT-0400 (EDT): GET /assets/images/fb.png
Sun Mar 24 2019 03:02:39 GMT-0400 (EDT): GET /assets/images/twitter.png
Sun Mar 24 2019 03:02:39 GMT-0400 (EDT): GET /assets/images/instagram.png
Sun Mar 24 2019 03:02:39 GMT-0400 (EDT): GET /assets/images/mobclogo.png
Sun Mar 24 2019 03:02:39 GMT-0400 (EDT): GET /assets/images/fb.png
Sun Mar 24 2019 03:02:39 GMT-0400 (EDT): GET /assets/images/twitter.png
Sun Mar 24 2019 03:02:39 GMT-0400 (EDT): GET /assets/images/instagram.png
Sun Mar 24 2019 03:08:33 GMT-0400 (EDT): GET /
Sun Mar 24 2019 03:08:33 GMT-0400 (EDT): GET /assets/css/reset.css
Sun Mar 24 2019 03:08:33 GMT-0400 (EDT): GET /assets/css/style.css
Sun Mar 24 2019 03:08:33 GMT-0400 (EDT): GET /assets/images/mobclogo.png
Sun Mar 24 2019 03:08:33 GMT-0400 (EDT): GET /assets/images/fb.png
Sun Mar 24 2019 03:08:33 GMT-0400 (EDT): GET /assets/images/twitter.png
Sun Mar 24 2019 03:08:33 GMT-0400 (EDT): GET /assets/images/instagram.png
Sun Mar 24 2019 03:09:00 GMT-0400 (EDT): GET /
Sun Mar 24 2019 03:09:00 GMT-0400 (EDT): GET /assets/css/reset.css
Sun Mar 24 2019 03:09:00 GMT-0400 (EDT): GET /assets/css/style.css
Sun Mar 24 2019 03:09:00 GMT-0400 (EDT): GET /assets/images/mobclogo.png
Sun Mar 24 2019 03:09:00 GMT-0400 (EDT): GET /assets/images/twitter.png
Sun Mar 24 2019 03:09:00 GMT-0400 (EDT): GET /assets/images/fb.png
Sun Mar 24 2019 03:09:00 GMT-0400 (EDT): GET /assets/images/instagram.png
Sun Mar 24 2019 03:09:00 GMT-0400 (EDT): GET /assets/css/reset.css
Sun Mar 24 2019 03:09:00 GMT-0400 (EDT): GET /assets/css/style.css
Sun Mar 24 2019 03:09:00 GMT-0400 (EDT): GET /assets/images/fb.png
Sun Mar 24 2019 03:09:00 GMT-0400 (EDT): GET /assets/images/mobclogo.png
Sun Mar 24 2019 03:09:00 GMT-0400 (EDT): GET /assets/images/twitter.png
Sun Mar 24 2019 03:09:00 GMT-0400 (EDT): GET /assets/images/instagram.png
Sun Mar 24 2019 03:10:39 GMT-0400 (EDT): GET /
Sun Mar 24 2019 03:10:40 GMT-0400 (EDT): GET /assets/css/reset.css
Sun Mar 24 2019 03:10:40 GMT-0400 (EDT): GET /assets/css/style.css
Sun Mar 24 2019 03:10:40 GMT-0400 (EDT): GET /assets/images/mobclogo.png
Sun Mar 24 2019 03:10:40 GMT-0400 (EDT): GET /assets/images/fb.png
Sun Mar 24 2019 03:10:40 GMT-0400 (EDT): GET /assets/images/twitter.png
Sun Mar 24 2019 03:10:40 GMT-0400 (EDT): GET /assets/images/instagram.png
Sun Mar 24 2019 03:10:40 GMT-0400 (EDT): GET /assets/css/reset.css
Sun Mar 24 2019 03:10:40 GMT-0400 (EDT): GET /assets/css/style.css
Sun Mar 24 2019 03:22:38 GMT-0400 (EDT): GET /
Sun Mar 24 2019 03:22:38 GMT-0400 (EDT): GET /assets/css/reset.css
Sun Mar 24 2019 03:22:38 GMT-0400 (EDT): GET /assets/css/style.css
Sun Mar 24 2019 03:22:38 GMT-0400 (EDT): GET /assets/images/fb.png
Sun Mar 24 2019 03:22:39 GMT-0400 (EDT): GET /assets/images/twitter.png
Sun Mar 24 2019 03:22:39 GMT-0400 (EDT): GET /assets/images/instagram.png
Sun Mar 24 2019 03:22:39 GMT-0400 (EDT): GET /assets/css/reset.css
Sun Mar 24 2019 03:22:39 GMT-0400 (EDT): GET /assets/css/style.css
Sun Mar 24 2019 03:23:35 GMT-0400 (EDT): GET /
Sun Mar 24 2019 03:23:36 GMT-0400 (EDT): GET /assets/css/reset.css
Sun Mar 24 2019 03:23:36 GMT-0400 (EDT): GET /assets/css/style.css
Sun Mar 24 2019 03:23:36 GMT-0400 (EDT): GET /assets/images/fb.png
Sun Mar 24 2019 03:23:36 GMT-0400 (EDT): GET /assets/images/twitter.png
Sun Mar 24 2019 03:23:36 GMT-0400 (EDT): GET /assets/images/instagram.png
Sun Mar 24 2019 03:23:36 GMT-0400 (EDT): GET /assets/css/reset.css
Sun Mar 24 2019 03:23:37 GMT-0400 (EDT): GET /assets/css/style.css
Sun Mar 24 2019 03:24:35 GMT-0400 (EDT): GET /
Sun Mar 24 2019 03:24:48 GMT-0400 (EDT): GET /
Sun Mar 24 2019 03:46:50 GMT-0400 (EDT): GET /images/
Sun Mar 24 2019 03:47:09 GMT-0400 (EDT): GET /assets
Sun Mar 24 2019 03:47:33 GMT-0400 (EDT): GET /
Sun Mar 24 2019 05:55:25 GMT-0400 (EDT): GET /
Sun Mar 24 2019 05:56:56 GMT-0400 (EDT): GET /
Sun Mar 24 2019 05:57:46 GMT-0400 (EDT): GET /
Sun Mar 24 2019 06:00:40 GMT-0400 (EDT): GET /
Sun Mar 24 2019 06:01:49 GMT-0400 (EDT): GET /
Sun Mar 24 2019 06:07:55 GMT-0400 (EDT): GET /
Sun Mar 24 2019 06:11:59 GMT-0400 (EDT): GET /
Sun Mar 24 2019 06:15:51 GMT-0400 (EDT): GET /
Sun Mar 24 2019 06:20:27 GMT-0400 (EDT): GET /
Sun Mar 24 2019 06:22:36 GMT-0400 (EDT): GET /
Sun Mar 24 2019 06:24:49 GMT-0400 (EDT): GET /
Sun Mar 24 2019 06:32:28 GMT-0400 (EDT): GET /
Sun Mar 24 2019 06:32:32 GMT-0400 (EDT): GET /
Sun Mar 24 2019 06:32:57 GMT-0400 (EDT): GET /
Sun Mar 24 2019 06:37:17 GMT-0400 (EDT): GET /
Sun Mar 24 2019 06:41:18 GMT-0400 (EDT): GET /
Sun Mar 24 2019 06:46:24 GMT-0400 (EDT): GET /
Sun Mar 24 2019 06:48:03 GMT-0400 (EDT): GET /
Sun Mar 24 2019 06:52:15 GMT-0400 (EDT): GET /
Sun Mar 24 2019 06:54:38 GMT-0400 (EDT): GET /
Sun Mar 24 2019 06:55:11 GMT-0400 (EDT): GET /
Sun Mar 24 2019 06:55:57 GMT-0400 (EDT): GET /
Sun Mar 24 2019 06:56:58 GMT-0400 (EDT): GET /
Sun Mar 24 2019 06:57:13 GMT-0400 (EDT): GET /
Sun Mar 24 2019 06:57:16 GMT-0400 (EDT): GET /
Sun Mar 24 2019 06:57:18 GMT-0400 (EDT): GET /
Sun Mar 24 2019 07:08:54 GMT-0400 (EDT): GET /
Sun Mar 24 2019 07:09:31 GMT-0400 (EDT): GET /
Sun Mar 24 2019 07:09:57 GMT-0400 (EDT): GET /
Sun Mar 24 2019 07:10:58 GMT-0400 (EDT): GET /
Sun Mar 24 2019 07:11:22 GMT-0400 (EDT): GET /
Sun Mar 24 2019 07:12:23 GMT-0400 (EDT): GET /
Sun Mar 24 2019 07:12:31 GMT-0400 (EDT): GET /
Sun Mar 24 2019 07:12:34 GMT-0400 (EDT): GET /
Sun Mar 24 2019 07:13:05 GMT-0400 (EDT): GET /
Sun Mar 24 2019 07:13:39 GMT-0400 (EDT): GET /
Sun Mar 24 2019 07:20:09 GMT-0400 (EDT): GET /
Sun Mar 24 2019 07:20:14 GMT-0400 (EDT): GET /
Sun Mar 24 2019 07:22:19 GMT-0400 (EDT): GET /
Sun Mar 24 2019 07:22:48 GMT-0400 (EDT): GET /
Sun Mar 24 2019 07:23:59 GMT-0400 (EDT): GET /
Sun Mar 24 2019 07:28:51 GMT-0400 (EDT): GET /
Sun Mar 24 2019 07:28:54 GMT-0400 (EDT): GET /
Sun Mar 24 2019 07:29:28 GMT-0400 (EDT): GET /
Sun Mar 24 2019 07:31:57 GMT-0400 (EDT): GET /
Sun Mar 24 2019 07:32:51 GMT-0400 (EDT): GET /
Sun Mar 24 2019 07:39:54 GMT-0400 (EDT): GET /
Sun Mar 24 2019 07:43:18 GMT-0400 (EDT): GET /
Sun Mar 24 2019 07:44:56 GMT-0400 (EDT): GET /
Sun Mar 24 2019 07:45:02 GMT-0400 (EDT): GET /
Sun Mar 24 2019 07:46:02 GMT-0400 (EDT): GET /
Sun Mar 24 2019 07:46:05 GMT-0400 (EDT): GET /
Sun Mar 24 2019 07:48:28 GMT-0400 (EDT): GET /
Sun Mar 24 2019 07:48:32 GMT-0400 (EDT): GET /
Sun Mar 24 2019 07:53:15 GMT-0400 (EDT): GET /
Sun Mar 24 2019 11:53:06 GMT-0400 (EDT): GET /
Sun Mar 24 2019 11:53:15 GMT-0400 (EDT): GET /
Sun Mar 24 2019 11:53:57 GMT-0400 (EDT): GET /
Sun Mar 24 2019 11:56:31 GMT-0400 (EDT): GET /
Sun Mar 24 2019 13:22:09 GMT-0400 (EDT): GET /
Sun Mar 24 2019 13:23:20 GMT-0400 (EDT): GET /
Sun Mar 24 2019 13:39:17 GMT-0400 (EDT): GET /
Sun Mar 24 2019 13:42:53 GMT-0400 (EDT): GET /
Sun Mar 24 2019 13:43:51 GMT-0400 (EDT): GET /
Sun Mar 24 2019 13:44:28 GMT-0400 (EDT): GET /
Sun Mar 24 2019 13:47:07 GMT-0400 (EDT): GET /
Sun Mar 24 2019 13:47:58 GMT-0400 (EDT): GET /
Sun Mar 24 2019 14:08:42 GMT-0400 (EDT): GET /
Sun Mar 24 2019 14:11:26 GMT-0400 (EDT): GET /
Sun Mar 24 2019 14:12:37 GMT-0400 (EDT): GET /
Sun Mar 24 2019 14:14:06 GMT-0400 (EDT): GET /
Sun Mar 24 2019 14:14:12 GMT-0400 (EDT): GET /
Sun Mar 24 2019 14:15:25 GMT-0400 (EDT): GET /
Sun Mar 24 2019 14:22:31 GMT-0400 (EDT): GET /
Sun Mar 24 2019 14:29:50 GMT-0400 (EDT): GET /
Sun Mar 24 2019 14:30:35 GMT-0400 (EDT): GET /
Sun Mar 24 2019 14:32:28 GMT-0400 (EDT): GET /
Sun Mar 24 2019 14:33:04 GMT-0400 (EDT): GET /
Sun Mar 24 2019 14:35:27 GMT-0400 (EDT): GET /
Sun Mar 24 2019 14:35:56 GMT-0400 (EDT): GET /
Sun Mar 24 2019 14:36:23 GMT-0400 (EDT): GET /
Sun Mar 24 2019 14:37:28 GMT-0400 (EDT): GET /
Sun Mar 24 2019 14:39:30 GMT-0400 (EDT): GET /
Sun Mar 24 2019 14:41:35 GMT-0400 (EDT): GET /
Sun Mar 24 2019 14:42:15 GMT-0400 (EDT): GET /
Sun Mar 24 2019 19:12:00 GMT-0400 (EDT): GET /
Sun Mar 24 2019 22:19:49 GMT-0400 (EDT): GET /
Sun Mar 24 2019 22:21:45 GMT-0400 (EDT): GET /
Sun Mar 24 2019 23:39:01 GMT-0400 (EDT): GET /
Sun Mar 24 2019 23:42:30 GMT-0400 (EDT): GET /
Sun Mar 24 2019 23:42:35 GMT-0400 (EDT): GET /
Sun Mar 24 2019 23:43:05 GMT-0400 (EDT): GET /
Sun Mar 24 2019 23:47:45 GMT-0400 (EDT): GET /
Sun Mar 24 2019 23:49:26 GMT-0400 (EDT): GET /
Mon Mar 25 2019 00:51:26 GMT-0400 (EDT): GET /
Mon Mar 25 2019 00:53:18 GMT-0400 (EDT): GET /
Mon Mar 25 2019 00:55:35 GMT-0400 (EDT): GET /
Mon Mar 25 2019 01:01:36 GMT-0400 (EDT): GET /
Mon Mar 25 2019 01:04:21 GMT-0400 (EDT): GET /
Mon Mar 25 2019 01:04:56 GMT-0400 (EDT): GET /
Mon Mar 25 2019 01:04:59 GMT-0400 (EDT): GET /
Mon Mar 25 2019 01:05:31 GMT-0400 (EDT): GET /
Mon Mar 25 2019 01:08:16 GMT-0400 (EDT): GET /
Mon Mar 25 2019 01:09:19 GMT-0400 (EDT): GET /
Mon Mar 25 2019 01:11:18 GMT-0400 (EDT): GET /
Mon Mar 25 2019 01:12:14 GMT-0400 (EDT): GET /
Mon Mar 25 2019 01:13:26 GMT-0400 (EDT): GET /
Mon Mar 25 2019 01:14:47 GMT-0400 (EDT): GET /
Mon Mar 25 2019 01:17:00 GMT-0400 (EDT): GET /
Mon Mar 25 2019 01:18:44 GMT-0400 (EDT): GET /
Mon Mar 25 2019 01:24:49 GMT-0400 (EDT): GET /
Mon Mar 25 2019 01:30:12 GMT-0400 (EDT): GET /
Mon Mar 25 2019 01:39:36 GMT-0400 (EDT): GET /
Mon Mar 25 2019 01:40:27 GMT-0400 (EDT): GET /
Mon Mar 25 2019 01:45:02 GMT-0400 (EDT): GET /
Mon Mar 25 2019 02:02:12 GMT-0400 (EDT): GET /
Mon Mar 25 2019 02:03:31 GMT-0400 (EDT): GET /
Mon Mar 25 2019 02:04:34 GMT-0400 (EDT): GET /
Mon Mar 25 2019 02:06:05 GMT-0400 (EDT): GET /
Mon Mar 25 2019 02:07:09 GMT-0400 (EDT): GET /
Mon Mar 25 2019 02:23:12 GMT-0400 (EDT): GET /
Mon Mar 25 2019 14:47:52 GMT-0400 (EDT): GET /
Mon Mar 25 2019 14:50:49 GMT-0400 (EDT): GET /
Mon Mar 25 2019 14:51:50 GMT-0400 (EDT): GET /
Mon Mar 25 2019 14:55:06 GMT-0400 (EDT): GET /
Mon Mar 25 2019 14:57:29 GMT-0400 (EDT): GET /
Mon Mar 25 2019 15:00:30 GMT-0400 (EDT): GET /
Mon Mar 25 2019 15:00:43 GMT-0400 (EDT): GET /
Mon Mar 25 2019 15:00:45 GMT-0400 (EDT): GET /
Mon Mar 25 2019 15:03:40 GMT-0400 (EDT): GET /
Mon Mar 25 2019 15:06:09 GMT-0400 (EDT): GET /
Mon Mar 25 2019 15:10:18 GMT-0400 (EDT): GET /
Mon Mar 25 2019 15:11:59 GMT-0400 (EDT): GET /
Mon Mar 25 2019 15:12:33 GMT-0400 (EDT): GET /
Mon Mar 25 2019 15:15:10 GMT-0400 (EDT): GET /
Mon Mar 25 2019 15:15:16 GMT-0400 (EDT): GET /
Mon Mar 25 2019 15:16:40 GMT-0400 (EDT): GET /
Mon Mar 25 2019 15:17:46 GMT-0400 (EDT): GET /
Mon Mar 25 2019 15:30:36 GMT-0400 (EDT): GET /
Mon Mar 25 2019 15:32:19 GMT-0400 (EDT): GET /
Mon Mar 25 2019 15:33:24 GMT-0400 (EDT): GET /
Mon Mar 25 2019 15:42:45 GMT-0400 (EDT): GET /
Mon Mar 25 2019 15:44:20 GMT-0400 (EDT): GET /
Mon Mar 25 2019 15:45:07 GMT-0400 (EDT): GET /
Mon Mar 25 2019 15:46:08 GMT-0400 (EDT): GET /
Mon Mar 25 2019 15:47:17 GMT-0400 (EDT): GET /
Mon Mar 25 2019 15:49:34 GMT-0400 (EDT): GET /
Mon Mar 25 2019 15:50:14 GMT-0400 (EDT): GET /
Mon Mar 25 2019 15:51:05 GMT-0400 (EDT): GET /
Mon Mar 25 2019 15:52:07 GMT-0400 (EDT): GET /
Mon Mar 25 2019 18:12:31 GMT-0400 (EDT): GET /
Mon Mar 25 2019 18:13:31 GMT-0400 (EDT): GET /
Mon Mar 25 2019 18:14:08 GMT-0400 (EDT): GET /
Mon Mar 25 2019 18:14:12 GMT-0400 (EDT): GET /
Mon Mar 25 2019 18:14:56 GMT-0400 (EDT): GET /
Mon Mar 25 2019 18:17:09 GMT-0400 (EDT): GET /
Mon Mar 25 2019 18:18:27 GMT-0400 (EDT): GET /
Mon Mar 25 2019 18:19:29 GMT-0400 (EDT): GET /
Mon Mar 25 2019 18:20:52 GMT-0400 (EDT): GET /
Mon Mar 25 2019 18:22:05 GMT-0400 (EDT): GET /
Mon Mar 25 2019 18:22:58 GMT-0400 (EDT): GET /
Mon Mar 25 2019 18:23:33 GMT-0400 (EDT): GET /
Mon Mar 25 2019 18:24:41 GMT-0400 (EDT): GET /
Mon Mar 25 2019 18:25:22 GMT-0400 (EDT): GET /
Mon Mar 25 2019 18:25:52 GMT-0400 (EDT): GET /
Mon Mar 25 2019 18:26:29 GMT-0400 (EDT): GET /
Mon Mar 25 2019 18:27:54 GMT-0400 (EDT): GET /
Mon Mar 25 2019 18:29:15 GMT-0400 (EDT): GET /
Mon Mar 25 2019 18:31:28 GMT-0400 (EDT): GET /
Mon Mar 25 2019 18:53:07 GMT-0400 (EDT): GET /
Mon Mar 25 2019 18:58:26 GMT-0400 (EDT): GET /
Mon Mar 25 2019 19:16:06 GMT-0400 (EDT): GET /
Mon Mar 25 2019 19:18:39 GMT-0400 (EDT): GET /
Mon Mar 25 2019 19:19:31 GMT-0400 (EDT): GET /
Mon Mar 25 2019 19:39:17 GMT-0400 (EDT): GET /
Mon Mar 25 2019 19:39:50 GMT-0400 (EDT): GET /
Mon Mar 25 2019 19:40:28 GMT-0400 (EDT): GET /
Mon Mar 25 2019 19:41:11 GMT-0400 (EDT): GET /
Mon Mar 25 2019 19:48:08 GMT-0400 (EDT): GET /
Mon Mar 25 2019 19:50:07 GMT-0400 (EDT): GET /
Mon Mar 25 2019 20:00:51 GMT-0400 (EDT): GET /
Mon Mar 25 2019 20:21:28 GMT-0400 (EDT): GET /
Mon Mar 25 2019 20:50:31 GMT-0400 (EDT): GET /
Mon Mar 25 2019 20:51:12 GMT-0400 (EDT): GET /
Mon Mar 25 2019 23:17:52 GMT-0400 (EDT): GET /
Mon Mar 25 2019 23:21:50 GMT-0400 (EDT): GET /
Mon Mar 25 2019 23:22:41 GMT-0400 (EDT): GET /
Mon Mar 25 2019 23:26:51 GMT-0400 (EDT): GET /
Mon Mar 25 2019 23:30:55 GMT-0400 (EDT): GET /
Mon Mar 25 2019 23:31:40 GMT-0400 (EDT): GET /
Mon Mar 25 2019 23:32:44 GMT-0400 (EDT): GET /
Mon Mar 25 2019 23:34:24 GMT-0400 (EDT): GET /
Mon Mar 25 2019 23:39:08 GMT-0400 (EDT): GET /
Mon Mar 25 2019 23:42:20 GMT-0400 (EDT): GET /
Mon Mar 25 2019 23:43:03 GMT-0400 (EDT): GET /
Mon Mar 25 2019 23:45:00 GMT-0400 (EDT): GET /
Mon Mar 25 2019 23:47:42 GMT-0400 (EDT): GET /
Mon Mar 25 2019 23:50:43 GMT-0400 (EDT): GET /
Tue Mar 26 2019 00:16:19 GMT-0400 (EDT): GET /
